{"/home/kk741852963tw/The-Gardens/client/src/components/Q&A/components/AddAnswer.jsx": {"path":"/home/kk741852963tw/The-Gardens/client/src/components/Q&A/components/AddAnswer.jsx","statementMap":{"0":{"start":{"line":6,"column":30},"end":{"line":6,"column":42}},"1":{"start":{"line":7,"column":26},"end":{"line":7,"column":38}},"2":{"start":{"line":8,"column":28},"end":{"line":8,"column":40}},"3":{"start":{"line":9,"column":28},"end":{"line":9,"column":40}},"4":{"start":{"line":10,"column":36},"end":{"line":10,"column":48}},"5":{"start":{"line":11,"column":28},"end":{"line":11,"column":39}},"6":{"start":{"line":12,"column":26},"end":{"line":12,"column":187}},"7":{"start":{"line":13,"column":30},"end":{"line":13,"column":42}},"8":{"start":{"line":14,"column":20},"end":{"line":14,"column":34}},"9":{"start":{"line":16,"column":22},"end":{"line":18,"column":3}},"10":{"start":{"line":17,"column":4},"end":{"line":17,"column":30}},"11":{"start":{"line":20,"column":21},"end":{"line":22,"column":3}},"12":{"start":{"line":21,"column":4},"end":{"line":21,"column":28}},"13":{"start":{"line":24,"column":22},"end":{"line":26,"column":3}},"14":{"start":{"line":25,"column":4},"end":{"line":25,"column":29}},"15":{"start":{"line":28,"column":23},"end":{"line":33,"column":3}},"16":{"start":{"line":29,"column":4},"end":{"line":29,"column":17}},"17":{"start":{"line":30,"column":4},"end":{"line":30,"column":18}},"18":{"start":{"line":31,"column":4},"end":{"line":31,"column":16}},"19":{"start":{"line":32,"column":4},"end":{"line":32,"column":19}},"20":{"start":{"line":35,"column":23},"end":{"line":64,"column":3}},"21":{"start":{"line":36,"column":4},"end":{"line":63,"column":5}},"22":{"start":{"line":37,"column":24},"end":{"line":37,"column":26}},"23":{"start":{"line":38,"column":6},"end":{"line":40,"column":7}},"24":{"start":{"line":39,"column":8},"end":{"line":39,"column":38}},"25":{"start":{"line":41,"column":6},"end":{"line":43,"column":7}},"26":{"start":{"line":42,"column":8},"end":{"line":42,"column":48}},"27":{"start":{"line":44,"column":6},"end":{"line":46,"column":7}},"28":{"start":{"line":45,"column":8},"end":{"line":45,"column":37}},"29":{"start":{"line":47,"column":25},"end":{"line":47,"column":45}},"30":{"start":{"line":48,"column":6},"end":{"line":48,"column":61}},"31":{"start":{"line":49,"column":11},"end":{"line":63,"column":5}},"32":{"start":{"line":50,"column":6},"end":{"line":50,"column":63}},"33":{"start":{"line":52,"column":6},"end":{"line":58,"column":9}},"34":{"start":{"line":59,"column":6},"end":{"line":59,"column":19}},"35":{"start":{"line":60,"column":6},"end":{"line":60,"column":20}},"36":{"start":{"line":61,"column":6},"end":{"line":61,"column":18}},"37":{"start":{"line":62,"column":6},"end":{"line":62,"column":21}},"38":{"start":{"line":66,"column":22},"end":{"line":94,"column":3}},"39":{"start":{"line":67,"column":21},"end":{"line":67,"column":97}},"40":{"start":{"line":68,"column":4},"end":{"line":68,"column":28}},"41":{"start":{"line":69,"column":4},"end":{"line":93,"column":5}},"42":{"start":{"line":70,"column":17},"end":{"line":70,"column":31}},"43":{"start":{"line":71,"column":6},"end":{"line":71,"column":46}},"44":{"start":{"line":72,"column":16},"end":{"line":76,"column":7}},"45":{"start":{"line":77,"column":6},"end":{"line":83,"column":42}},"46":{"start":{"line":78,"column":8},"end":{"line":78,"column":51}},"47":{"start":{"line":79,"column":8},"end":{"line":79,"column":28}},"48":{"start":{"line":80,"column":21},"end":{"line":80,"column":59}},"49":{"start":{"line":81,"column":8},"end":{"line":81,"column":22}},"50":{"start":{"line":82,"column":8},"end":{"line":82,"column":45}},"51":{"start":{"line":83,"column":22},"end":{"line":83,"column":40}},"52":{"start":{"line":92,"column":6},"end":{"line":92,"column":37}},"53":{"start":{"line":96,"column":20},"end":{"line":114,"column":3}},"54":{"start":{"line":97,"column":22},"end":{"line":97,"column":33}},"55":{"start":{"line":98,"column":4},"end":{"line":109,"column":5}},"56":{"start":{"line":99,"column":6},"end":{"line":108,"column":7}},"57":{"start":{"line":100,"column":8},"end":{"line":100,"column":45}},"58":{"start":{"line":101,"column":8},"end":{"line":101,"column":53}},"59":{"start":{"line":102,"column":8},"end":{"line":105,"column":16}},"60":{"start":{"line":103,"column":10},"end":{"line":103,"column":32}},"61":{"start":{"line":104,"column":10},"end":{"line":104,"column":30}},"62":{"start":{"line":107,"column":8},"end":{"line":107,"column":38}},"63":{"start":{"line":110,"column":4},"end":{"line":112,"column":6}},"64":{"start":{"line":111,"column":6},"end":{"line":111,"column":36}},"65":{"start":{"line":113,"column":4},"end":{"line":113,"column":35}},"66":{"start":{"line":116,"column":19},"end":{"line":118,"column":3}},"67":{"start":{"line":117,"column":4},"end":{"line":117,"column":30}},"68":{"start":{"line":120,"column":2},"end":{"line":175,"column":4}},"69":{"start":{"line":160,"column":22},"end":{"line":160,"column":114}}},"fnMap":{"0":{"name":"AddAnswer","decl":{"start":{"line":4,"column":24},"end":{"line":4,"column":33}},"loc":{"start":{"line":4,"column":41},"end":{"line":176,"column":1}},"line":4},"1":{"name":"(anonymous_1)","decl":{"start":{"line":16,"column":22},"end":{"line":16,"column":23}},"loc":{"start":{"line":16,"column":34},"end":{"line":18,"column":3}},"line":16},"2":{"name":"(anonymous_2)","decl":{"start":{"line":20,"column":21},"end":{"line":20,"column":22}},"loc":{"start":{"line":20,"column":33},"end":{"line":22,"column":3}},"line":20},"3":{"name":"(anonymous_3)","decl":{"start":{"line":24,"column":22},"end":{"line":24,"column":23}},"loc":{"start":{"line":24,"column":34},"end":{"line":26,"column":3}},"line":24},"4":{"name":"(anonymous_4)","decl":{"start":{"line":28,"column":23},"end":{"line":28,"column":24}},"loc":{"start":{"line":28,"column":34},"end":{"line":33,"column":3}},"line":28},"5":{"name":"(anonymous_5)","decl":{"start":{"line":35,"column":23},"end":{"line":35,"column":24}},"loc":{"start":{"line":35,"column":34},"end":{"line":64,"column":3}},"line":35},"6":{"name":"(anonymous_6)","decl":{"start":{"line":66,"column":22},"end":{"line":66,"column":23}},"loc":{"start":{"line":66,"column":34},"end":{"line":94,"column":3}},"line":66},"7":{"name":"(anonymous_7)","decl":{"start":{"line":77,"column":22},"end":{"line":77,"column":23}},"loc":{"start":{"line":77,"column":32},"end":{"line":83,"column":7}},"line":77},"8":{"name":"(anonymous_8)","decl":{"start":{"line":83,"column":15},"end":{"line":83,"column":16}},"loc":{"start":{"line":83,"column":22},"end":{"line":83,"column":40}},"line":83},"9":{"name":"(anonymous_9)","decl":{"start":{"line":96,"column":20},"end":{"line":96,"column":21}},"loc":{"start":{"line":96,"column":32},"end":{"line":114,"column":3}},"line":96},"10":{"name":"(anonymous_10)","decl":{"start":{"line":98,"column":23},"end":{"line":98,"column":24}},"loc":{"start":{"line":98,"column":34},"end":{"line":109,"column":5}},"line":98},"11":{"name":"(anonymous_11)","decl":{"start":{"line":102,"column":19},"end":{"line":102,"column":20}},"loc":{"start":{"line":102,"column":25},"end":{"line":105,"column":9}},"line":102},"12":{"name":"(anonymous_12)","decl":{"start":{"line":110,"column":24},"end":{"line":110,"column":25}},"loc":{"start":{"line":110,"column":35},"end":{"line":112,"column":5}},"line":110},"13":{"name":"(anonymous_13)","decl":{"start":{"line":116,"column":19},"end":{"line":116,"column":20}},"loc":{"start":{"line":116,"column":30},"end":{"line":118,"column":3}},"line":116},"14":{"name":"(anonymous_14)","decl":{"start":{"line":159,"column":38},"end":{"line":159,"column":39}},"loc":{"start":{"line":159,"column":49},"end":{"line":161,"column":21}},"line":159}},"branchMap":{"0":{"loc":{"start":{"line":36,"column":4},"end":{"line":63,"column":5}},"type":"if","locations":[{"start":{"line":36,"column":4},"end":{"line":63,"column":5}},{"start":{"line":49,"column":11},"end":{"line":63,"column":5}}],"line":36},"1":{"loc":{"start":{"line":36,"column":8},"end":{"line":36,"column":34}},"type":"binary-expr","locations":[{"start":{"line":36,"column":8},"end":{"line":36,"column":15}},{"start":{"line":36,"column":19},"end":{"line":36,"column":24}},{"start":{"line":36,"column":28},"end":{"line":36,"column":34}}],"line":36},"2":{"loc":{"start":{"line":38,"column":6},"end":{"line":40,"column":7}},"type":"if","locations":[{"start":{"line":38,"column":6},"end":{"line":40,"column":7}},{"start":{},"end":{}}],"line":38},"3":{"loc":{"start":{"line":41,"column":6},"end":{"line":43,"column":7}},"type":"if","locations":[{"start":{"line":41,"column":6},"end":{"line":43,"column":7}},{"start":{},"end":{}}],"line":41},"4":{"loc":{"start":{"line":44,"column":6},"end":{"line":46,"column":7}},"type":"if","locations":[{"start":{"line":44,"column":6},"end":{"line":46,"column":7}},{"start":{},"end":{}}],"line":44},"5":{"loc":{"start":{"line":49,"column":11},"end":{"line":63,"column":5}},"type":"if","locations":[{"start":{"line":49,"column":11},"end":{"line":63,"column":5}},{"start":{"line":51,"column":11},"end":{"line":63,"column":5}}],"line":49},"6":{"loc":{"start":{"line":49,"column":15},"end":{"line":49,"column":83}},"type":"binary-expr","locations":[{"start":{"line":49,"column":15},"end":{"line":49,"column":35}},{"start":{"line":49,"column":39},"end":{"line":49,"column":59}},{"start":{"line":49,"column":63},"end":{"line":49,"column":83}}],"line":49},"7":{"loc":{"start":{"line":69,"column":4},"end":{"line":93,"column":5}},"type":"if","locations":[{"start":{"line":69,"column":4},"end":{"line":93,"column":5}},{"start":{"line":91,"column":11},"end":{"line":93,"column":5}}],"line":69},"8":{"loc":{"start":{"line":99,"column":6},"end":{"line":108,"column":7}},"type":"if","locations":[{"start":{"line":99,"column":6},"end":{"line":108,"column":7}},{"start":{"line":106,"column":13},"end":{"line":108,"column":7}}],"line":99},"9":{"loc":{"start":{"line":151,"column":21},"end":{"line":157,"column":34}},"type":"cond-expr","locations":[{"start":{"line":152,"column":20},"end":{"line":157,"column":26}},{"start":{"line":157,"column":29},"end":{"line":157,"column":34}}],"line":151}},"s":{"0":7,"1":6,"2":6,"3":6,"4":6,"5":6,"6":6,"7":6,"8":6,"9":6,"10":1,"11":6,"12":1,"13":6,"14":1,"15":6,"16":1,"17":1,"18":1,"19":1,"20":6,"21":1,"22":0,"23":0,"24":0,"25":0,"26":0,"27":0,"28":0,"29":0,"30":0,"31":1,"32":0,"33":1,"34":1,"35":1,"36":1,"37":1,"38":6,"39":0,"40":0,"41":0,"42":0,"43":0,"44":0,"45":0,"46":0,"47":0,"48":0,"49":0,"50":0,"51":0,"52":0,"53":6,"54":1,"55":1,"56":0,"57":0,"58":0,"59":0,"60":0,"61":0,"62":0,"63":1,"64":0,"65":1,"66":6,"67":1,"68":6,"69":0},"f":{"0":7,"1":1,"2":1,"3":1,"4":1,"5":1,"6":0,"7":0,"8":0,"9":1,"10":0,"11":0,"12":0,"13":1,"14":0},"b":{"0":[0,1],"1":[1,1,1],"2":[0,0],"3":[0,0],"4":[0,0],"5":[0,1],"6":[1,1,1],"7":[0,0],"8":[0,0],"9":[6,0]},"_coverageSchema":"1a1c01bbd47fc00a2c39e90264f33305004495a9","hash":"20463b9958edbad782e93830d272fb718b980467"}
,"/home/kk741852963tw/The-Gardens/client/src/components/Q&A/components/AddQuestion.jsx": {"path":"/home/kk741852963tw/The-Gardens/client/src/components/Q&A/components/AddQuestion.jsx","statementMap":{"0":{"start":{"line":7,"column":34},"end":{"line":7,"column":46}},"1":{"start":{"line":8,"column":26},"end":{"line":8,"column":38}},"2":{"start":{"line":9,"column":28},"end":{"line":9,"column":40}},"3":{"start":{"line":11,"column":25},"end":{"line":13,"column":3}},"4":{"start":{"line":12,"column":4},"end":{"line":12,"column":32}},"5":{"start":{"line":15,"column":21},"end":{"line":17,"column":3}},"6":{"start":{"line":16,"column":4},"end":{"line":16,"column":28}},"7":{"start":{"line":19,"column":22},"end":{"line":21,"column":3}},"8":{"start":{"line":20,"column":4},"end":{"line":20,"column":29}},"9":{"start":{"line":23,"column":23},"end":{"line":25,"column":3}},"10":{"start":{"line":24,"column":4},"end":{"line":24,"column":19}},"11":{"start":{"line":27,"column":23},"end":{"line":52,"column":3}},"12":{"start":{"line":28,"column":4},"end":{"line":51,"column":5}},"13":{"start":{"line":29,"column":24},"end":{"line":29,"column":26}},"14":{"start":{"line":30,"column":6},"end":{"line":32,"column":7}},"15":{"start":{"line":31,"column":8},"end":{"line":31,"column":40}},"16":{"start":{"line":33,"column":6},"end":{"line":35,"column":7}},"17":{"start":{"line":34,"column":8},"end":{"line":34,"column":48}},"18":{"start":{"line":36,"column":6},"end":{"line":38,"column":7}},"19":{"start":{"line":37,"column":8},"end":{"line":37,"column":37}},"20":{"start":{"line":39,"column":25},"end":{"line":39,"column":45}},"21":{"start":{"line":40,"column":6},"end":{"line":40,"column":61}},"22":{"start":{"line":41,"column":11},"end":{"line":51,"column":5}},"23":{"start":{"line":42,"column":6},"end":{"line":42,"column":63}},"24":{"start":{"line":44,"column":6},"end":{"line":49,"column":9}},"25":{"start":{"line":50,"column":6},"end":{"line":50,"column":21}},"26":{"start":{"line":54,"column":2},"end":{"line":93,"column":4}}},"fnMap":{"0":{"name":"AddQuestion","decl":{"start":{"line":5,"column":24},"end":{"line":5,"column":35}},"loc":{"start":{"line":5,"column":43},"end":{"line":94,"column":1}},"line":5},"1":{"name":"(anonymous_1)","decl":{"start":{"line":11,"column":25},"end":{"line":11,"column":26}},"loc":{"start":{"line":11,"column":37},"end":{"line":13,"column":3}},"line":11},"2":{"name":"(anonymous_2)","decl":{"start":{"line":15,"column":21},"end":{"line":15,"column":22}},"loc":{"start":{"line":15,"column":33},"end":{"line":17,"column":3}},"line":15},"3":{"name":"(anonymous_3)","decl":{"start":{"line":19,"column":22},"end":{"line":19,"column":23}},"loc":{"start":{"line":19,"column":34},"end":{"line":21,"column":3}},"line":19},"4":{"name":"(anonymous_4)","decl":{"start":{"line":23,"column":23},"end":{"line":23,"column":24}},"loc":{"start":{"line":23,"column":34},"end":{"line":25,"column":3}},"line":23},"5":{"name":"(anonymous_5)","decl":{"start":{"line":27,"column":23},"end":{"line":27,"column":24}},"loc":{"start":{"line":27,"column":34},"end":{"line":52,"column":3}},"line":27}},"branchMap":{"0":{"loc":{"start":{"line":28,"column":4},"end":{"line":51,"column":5}},"type":"if","locations":[{"start":{"line":28,"column":4},"end":{"line":51,"column":5}},{"start":{"line":41,"column":11},"end":{"line":51,"column":5}}],"line":28},"1":{"loc":{"start":{"line":28,"column":8},"end":{"line":28,"column":36}},"type":"binary-expr","locations":[{"start":{"line":28,"column":8},"end":{"line":28,"column":17}},{"start":{"line":28,"column":21},"end":{"line":28,"column":26}},{"start":{"line":28,"column":30},"end":{"line":28,"column":36}}],"line":28},"2":{"loc":{"start":{"line":30,"column":6},"end":{"line":32,"column":7}},"type":"if","locations":[{"start":{"line":30,"column":6},"end":{"line":32,"column":7}},{"start":{},"end":{}}],"line":30},"3":{"loc":{"start":{"line":33,"column":6},"end":{"line":35,"column":7}},"type":"if","locations":[{"start":{"line":33,"column":6},"end":{"line":35,"column":7}},{"start":{},"end":{}}],"line":33},"4":{"loc":{"start":{"line":36,"column":6},"end":{"line":38,"column":7}},"type":"if","locations":[{"start":{"line":36,"column":6},"end":{"line":38,"column":7}},{"start":{},"end":{}}],"line":36},"5":{"loc":{"start":{"line":41,"column":11},"end":{"line":51,"column":5}},"type":"if","locations":[{"start":{"line":41,"column":11},"end":{"line":51,"column":5}},{"start":{"line":43,"column":11},"end":{"line":51,"column":5}}],"line":41},"6":{"loc":{"start":{"line":41,"column":15},"end":{"line":41,"column":83}},"type":"binary-expr","locations":[{"start":{"line":41,"column":15},"end":{"line":41,"column":35}},{"start":{"line":41,"column":39},"end":{"line":41,"column":59}},{"start":{"line":41,"column":63},"end":{"line":41,"column":83}}],"line":41}},"s":{"0":5,"1":4,"2":4,"3":4,"4":1,"5":4,"6":1,"7":4,"8":1,"9":4,"10":1,"11":4,"12":1,"13":0,"14":0,"15":0,"16":0,"17":0,"18":0,"19":0,"20":0,"21":0,"22":1,"23":0,"24":1,"25":1,"26":4},"f":{"0":5,"1":1,"2":1,"3":1,"4":1,"5":1},"b":{"0":[0,1],"1":[1,1,1],"2":[0,0],"3":[0,0],"4":[0,0],"5":[0,1],"6":[1,1,1]},"_coverageSchema":"1a1c01bbd47fc00a2c39e90264f33305004495a9","hash":"76c1cb7c7e49f7cf59441ff156225208c8770831"}
,"/home/kk741852963tw/The-Gardens/client/src/components/Q&A/components/Answer.jsx": {"path":"/home/kk741852963tw/The-Gardens/client/src/components/Q&A/components/Answer.jsx","statementMap":{"0":{"start":{"line":6,"column":30},"end":{"line":6,"column":41}},"1":{"start":{"line":7,"column":28},"end":{"line":7,"column":43}},"2":{"start":{"line":8,"column":24},"end":{"line":8,"column":36}},"3":{"start":{"line":10,"column":27},"end":{"line":13,"column":3}},"4":{"start":{"line":11,"column":15},"end":{"line":11,"column":65}},"5":{"start":{"line":12,"column":4},"end":{"line":12,"column":59}},"6":{"start":{"line":15,"column":24},"end":{"line":18,"column":3}},"7":{"start":{"line":16,"column":4},"end":{"line":16,"column":69}},"8":{"start":{"line":17,"column":4},"end":{"line":17,"column":59}},"9":{"start":{"line":20,"column":23},"end":{"line":23,"column":3}},"10":{"start":{"line":21,"column":4},"end":{"line":21,"column":68}},"11":{"start":{"line":22,"column":4},"end":{"line":22,"column":32}},"12":{"start":{"line":25,"column":22},"end":{"line":32,"column":3}},"13":{"start":{"line":26,"column":4},"end":{"line":30,"column":5}},"14":{"start":{"line":27,"column":6},"end":{"line":27,"column":22}},"15":{"start":{"line":29,"column":6},"end":{"line":29,"column":21}},"16":{"start":{"line":31,"column":4},"end":{"line":31,"column":16}},"17":{"start":{"line":34,"column":2},"end":{"line":57,"column":4}},"18":{"start":{"line":40,"column":10},"end":{"line":44,"column":11}},"19":{"start":{"line":41,"column":12},"end":{"line":41,"column":207}},"20":{"start":{"line":41,"column":167},"end":{"line":41,"column":187}},"21":{"start":{"line":43,"column":12},"end":{"line":43,"column":175}},"22":{"start":{"line":43,"column":147},"end":{"line":43,"column":167}},"23":{"start":{"line":53,"column":234},"end":{"line":53,"column":264}},"24":{"start":{"line":54,"column":225},"end":{"line":54,"column":254}}},"fnMap":{"0":{"name":"Answer","decl":{"start":{"line":5,"column":24},"end":{"line":5,"column":30}},"loc":{"start":{"line":5,"column":38},"end":{"line":58,"column":1}},"line":5},"1":{"name":"(anonymous_1)","decl":{"start":{"line":10,"column":27},"end":{"line":10,"column":28}},"loc":{"start":{"line":10,"column":46},"end":{"line":13,"column":3}},"line":10},"2":{"name":"(anonymous_2)","decl":{"start":{"line":15,"column":24},"end":{"line":15,"column":25}},"loc":{"start":{"line":15,"column":44},"end":{"line":18,"column":3}},"line":15},"3":{"name":"(anonymous_3)","decl":{"start":{"line":20,"column":23},"end":{"line":20,"column":24}},"loc":{"start":{"line":20,"column":43},"end":{"line":23,"column":3}},"line":20},"4":{"name":"(anonymous_4)","decl":{"start":{"line":25,"column":22},"end":{"line":25,"column":23}},"loc":{"start":{"line":25,"column":36},"end":{"line":32,"column":3}},"line":25},"5":{"name":"(anonymous_5)","decl":{"start":{"line":39,"column":68},"end":{"line":39,"column":69}},"loc":{"start":{"line":39,"column":88},"end":{"line":45,"column":9}},"line":39},"6":{"name":"(anonymous_6)","decl":{"start":{"line":41,"column":161},"end":{"line":41,"column":162}},"loc":{"start":{"line":41,"column":167},"end":{"line":41,"column":187}},"line":41},"7":{"name":"(anonymous_7)","decl":{"start":{"line":43,"column":141},"end":{"line":43,"column":142}},"loc":{"start":{"line":43,"column":147},"end":{"line":43,"column":167}},"line":43},"8":{"name":"(anonymous_8)","decl":{"start":{"line":53,"column":228},"end":{"line":53,"column":229}},"loc":{"start":{"line":53,"column":234},"end":{"line":53,"column":264}},"line":53},"9":{"name":"(anonymous_9)","decl":{"start":{"line":54,"column":219},"end":{"line":54,"column":220}},"loc":{"start":{"line":54,"column":225},"end":{"line":54,"column":254}},"line":54}},"branchMap":{"0":{"loc":{"start":{"line":26,"column":4},"end":{"line":30,"column":5}},"type":"if","locations":[{"start":{"line":26,"column":4},"end":{"line":30,"column":5}},{"start":{"line":28,"column":11},"end":{"line":30,"column":5}}],"line":26},"1":{"loc":{"start":{"line":36,"column":7},"end":{"line":36,"column":122}},"type":"cond-expr","locations":[{"start":{"line":36,"column":23},"end":{"line":36,"column":80}},{"start":{"line":36,"column":83},"end":{"line":36,"column":122}}],"line":36},"2":{"loc":{"start":{"line":39,"column":9},"end":{"line":45,"column":18}},"type":"cond-expr","locations":[{"start":{"line":39,"column":44},"end":{"line":45,"column":10}},{"start":{"line":45,"column":13},"end":{"line":45,"column":18}}],"line":39},"3":{"loc":{"start":{"line":40,"column":10},"end":{"line":44,"column":11}},"type":"if","locations":[{"start":{"line":40,"column":10},"end":{"line":44,"column":11}},{"start":{"line":42,"column":17},"end":{"line":44,"column":11}}],"line":40},"4":{"loc":{"start":{"line":46,"column":9},"end":{"line":46,"column":70}},"type":"cond-expr","locations":[{"start":{"line":46,"column":17},"end":{"line":46,"column":62}},{"start":{"line":46,"column":65},"end":{"line":46,"column":70}}],"line":46},"5":{"loc":{"start":{"line":50,"column":9},"end":{"line":50,"column":161}},"type":"cond-expr","locations":[{"start":{"line":50,"column":51},"end":{"line":50,"column":116}},{"start":{"line":50,"column":119},"end":{"line":50,"column":161}}],"line":50},"6":{"loc":{"start":{"line":53,"column":9},"end":{"line":53,"column":465}},"type":"cond-expr","locations":[{"start":{"line":53,"column":47},"end":{"line":53,"column":304}},{"start":{"line":53,"column":307},"end":{"line":53,"column":465}}],"line":53},"7":{"loc":{"start":{"line":54,"column":9},"end":{"line":54,"column":401}},"type":"cond-expr","locations":[{"start":{"line":54,"column":43},"end":{"line":54,"column":269}},{"start":{"line":54,"column":272},"end":{"line":54,"column":401}}],"line":54}},"s":{"0":6,"1":5,"2":5,"3":5,"4":5,"5":5,"6":5,"7":0,"8":0,"9":5,"10":0,"11":0,"12":5,"13":0,"14":0,"15":0,"16":0,"17":5,"18":5,"19":5,"20":0,"21":0,"22":0,"23":0,"24":0},"f":{"0":6,"1":5,"2":0,"3":0,"4":0,"5":5,"6":0,"7":0,"8":0,"9":0},"b":{"0":[0,0],"1":[2,3],"2":[5,0],"3":[5,0],"4":[0,5],"5":[0,5],"6":[5,0],"7":[5,0]},"_coverageSchema":"1a1c01bbd47fc00a2c39e90264f33305004495a9","hash":"381cd3d5c0fef65d2c55c4ae166008cd83b9ef3b"}
,"/home/kk741852963tw/The-Gardens/client/src/components/Q&A/components/Image.jsx": {"path":"/home/kk741852963tw/The-Gardens/client/src/components/Q&A/components/Image.jsx","statementMap":{"0":{"start":{"line":5,"column":23},"end":{"line":7,"column":3}},"1":{"start":{"line":6,"column":4},"end":{"line":6,"column":20}},"2":{"start":{"line":8,"column":2},"end":{"line":13,"column":4}}},"fnMap":{"0":{"name":"Image","decl":{"start":{"line":4,"column":24},"end":{"line":4,"column":29}},"loc":{"start":{"line":4,"column":37},"end":{"line":14,"column":1}},"line":4},"1":{"name":"(anonymous_1)","decl":{"start":{"line":5,"column":23},"end":{"line":5,"column":24}},"loc":{"start":{"line":5,"column":34},"end":{"line":7,"column":3}},"line":5}},"branchMap":{},"s":{"0":1,"1":1,"2":1},"f":{"0":1,"1":1},"b":{},"_coverageSchema":"1a1c01bbd47fc00a2c39e90264f33305004495a9","hash":"14a3519be4564b3548c892dc8f1e83f7830648c3"}
,"/home/kk741852963tw/The-Gardens/client/src/components/Q&A/components/Question.jsx": {"path":"/home/kk741852963tw/The-Gardens/client/src/components/Q&A/components/Question.jsx","statementMap":{"0":{"start":{"line":7,"column":28},"end":{"line":7,"column":39}},"1":{"start":{"line":8,"column":31},"end":{"line":8,"column":43}},"2":{"start":{"line":9,"column":31},"end":{"line":9,"column":46}},"3":{"start":{"line":10,"column":20},"end":{"line":10,"column":31}},"4":{"start":{"line":11,"column":43},"end":{"line":11,"column":81}},"5":{"start":{"line":12,"column":40},"end":{"line":12,"column":55}},"6":{"start":{"line":14,"column":2},"end":{"line":17,"column":14}},"7":{"start":{"line":15,"column":17},"end":{"line":15,"column":43}},"8":{"start":{"line":16,"column":4},"end":{"line":16,"column":20}},"9":{"start":{"line":19,"column":31},"end":{"line":26,"column":3}},"10":{"start":{"line":20,"column":16},"end":{"line":20,"column":49}},"11":{"start":{"line":21,"column":4},"end":{"line":25,"column":5}},"12":{"start":{"line":22,"column":6},"end":{"line":22,"column":27}},"13":{"start":{"line":24,"column":6},"end":{"line":24,"column":47}},"14":{"start":{"line":28,"column":31},"end":{"line":35,"column":3}},"15":{"start":{"line":29,"column":16},"end":{"line":29,"column":49}},"16":{"start":{"line":30,"column":4},"end":{"line":34,"column":5}},"17":{"start":{"line":31,"column":6},"end":{"line":31,"column":13}},"18":{"start":{"line":33,"column":6},"end":{"line":33,"column":86}},"19":{"start":{"line":37,"column":21},"end":{"line":48,"column":3}},"20":{"start":{"line":38,"column":22},"end":{"line":38,"column":53}},"21":{"start":{"line":39,"column":4},"end":{"line":39,"column":71}},"22":{"start":{"line":39,"column":31},"end":{"line":39,"column":67}},"23":{"start":{"line":40,"column":4},"end":{"line":46,"column":7}},"24":{"start":{"line":41,"column":6},"end":{"line":45,"column":50}},"25":{"start":{"line":42,"column":8},"end":{"line":42,"column":17}},"26":{"start":{"line":43,"column":13},"end":{"line":45,"column":50}},"27":{"start":{"line":44,"column":8},"end":{"line":44,"column":18}},"28":{"start":{"line":45,"column":13},"end":{"line":45,"column":50}},"29":{"start":{"line":47,"column":4},"end":{"line":47,"column":21}},"30":{"start":{"line":50,"column":22},"end":{"line":53,"column":3}},"31":{"start":{"line":51,"column":4},"end":{"line":51,"column":24}},"32":{"start":{"line":52,"column":4},"end":{"line":52,"column":25}},"33":{"start":{"line":55,"column":24},"end":{"line":58,"column":3}},"34":{"start":{"line":56,"column":4},"end":{"line":56,"column":75}},"35":{"start":{"line":57,"column":4},"end":{"line":57,"column":23}},"36":{"start":{"line":60,"column":21},"end":{"line":68,"column":3}},"37":{"start":{"line":61,"column":4},"end":{"line":67,"column":5}},"38":{"start":{"line":62,"column":6},"end":{"line":62,"column":18}},"39":{"start":{"line":63,"column":6},"end":{"line":63,"column":22}},"40":{"start":{"line":65,"column":6},"end":{"line":65,"column":18}},"41":{"start":{"line":66,"column":6},"end":{"line":66,"column":23}},"42":{"start":{"line":70,"column":2},"end":{"line":100,"column":4}},"43":{"start":{"line":76,"column":216},"end":{"line":76,"column":257}},"44":{"start":{"line":84,"column":14},"end":{"line":91,"column":47}}},"fnMap":{"0":{"name":"Question","decl":{"start":{"line":6,"column":24},"end":{"line":6,"column":32}},"loc":{"start":{"line":6,"column":40},"end":{"line":101,"column":1}},"line":6},"1":{"name":"(anonymous_1)","decl":{"start":{"line":14,"column":12},"end":{"line":14,"column":13}},"loc":{"start":{"line":14,"column":18},"end":{"line":17,"column":3}},"line":14},"2":{"name":"(anonymous_2)","decl":{"start":{"line":19,"column":31},"end":{"line":19,"column":32}},"loc":{"start":{"line":19,"column":55},"end":{"line":26,"column":3}},"line":19},"3":{"name":"(anonymous_3)","decl":{"start":{"line":28,"column":31},"end":{"line":28,"column":32}},"loc":{"start":{"line":28,"column":55},"end":{"line":35,"column":3}},"line":28},"4":{"name":"(anonymous_4)","decl":{"start":{"line":37,"column":21},"end":{"line":37,"column":22}},"loc":{"start":{"line":37,"column":40},"end":{"line":48,"column":3}},"line":37},"5":{"name":"(anonymous_5)","decl":{"start":{"line":39,"column":19},"end":{"line":39,"column":20}},"loc":{"start":{"line":39,"column":29},"end":{"line":39,"column":69}},"line":39},"6":{"name":"(anonymous_6)","decl":{"start":{"line":40,"column":19},"end":{"line":40,"column":20}},"loc":{"start":{"line":40,"column":29},"end":{"line":46,"column":5}},"line":40},"7":{"name":"(anonymous_7)","decl":{"start":{"line":50,"column":22},"end":{"line":50,"column":23}},"loc":{"start":{"line":50,"column":33},"end":{"line":53,"column":3}},"line":50},"8":{"name":"(anonymous_8)","decl":{"start":{"line":55,"column":24},"end":{"line":55,"column":25}},"loc":{"start":{"line":55,"column":46},"end":{"line":58,"column":3}},"line":55},"9":{"name":"(anonymous_9)","decl":{"start":{"line":60,"column":21},"end":{"line":60,"column":22}},"loc":{"start":{"line":60,"column":32},"end":{"line":68,"column":3}},"line":60},"10":{"name":"(anonymous_10)","decl":{"start":{"line":76,"column":210},"end":{"line":76,"column":211}},"loc":{"start":{"line":76,"column":216},"end":{"line":76,"column":257}},"line":76},"11":{"name":"(anonymous_11)","decl":{"start":{"line":83,"column":41},"end":{"line":83,"column":42}},"loc":{"start":{"line":83,"column":60},"end":{"line":92,"column":13}},"line":83}},"branchMap":{"0":{"loc":{"start":{"line":21,"column":4},"end":{"line":25,"column":5}},"type":"if","locations":[{"start":{"line":21,"column":4},"end":{"line":25,"column":5}},{"start":{"line":23,"column":11},"end":{"line":25,"column":5}}],"line":21},"1":{"loc":{"start":{"line":30,"column":4},"end":{"line":34,"column":5}},"type":"if","locations":[{"start":{"line":30,"column":4},"end":{"line":34,"column":5}},{"start":{"line":32,"column":11},"end":{"line":34,"column":5}}],"line":30},"2":{"loc":{"start":{"line":41,"column":6},"end":{"line":45,"column":50}},"type":"if","locations":[{"start":{"line":41,"column":6},"end":{"line":45,"column":50}},{"start":{"line":43,"column":13},"end":{"line":45,"column":50}}],"line":41},"3":{"loc":{"start":{"line":43,"column":13},"end":{"line":45,"column":50}},"type":"if","locations":[{"start":{"line":43,"column":13},"end":{"line":45,"column":50}},{"start":{"line":45,"column":13},"end":{"line":45,"column":50}}],"line":43},"4":{"loc":{"start":{"line":61,"column":4},"end":{"line":67,"column":5}},"type":"if","locations":[{"start":{"line":61,"column":4},"end":{"line":67,"column":5}},{"start":{"line":64,"column":11},"end":{"line":67,"column":5}}],"line":61},"5":{"loc":{"start":{"line":76,"column":9},"end":{"line":76,"column":492}},"type":"cond-expr","locations":[{"start":{"line":76,"column":29},"end":{"line":76,"column":314}},{"start":{"line":76,"column":317},"end":{"line":76,"column":492}}],"line":76},"6":{"loc":{"start":{"line":78,"column":9},"end":{"line":78,"column":189}},"type":"cond-expr","locations":[{"start":{"line":78,"column":19},"end":{"line":78,"column":181}},{"start":{"line":78,"column":184},"end":{"line":78,"column":189}}],"line":78},"7":{"loc":{"start":{"line":80,"column":9},"end":{"line":93,"column":30}},"type":"cond-expr","locations":[{"start":{"line":81,"column":8},"end":{"line":93,"column":22}},{"start":{"line":93,"column":25},"end":{"line":93,"column":30}}],"line":80},"8":{"loc":{"start":{"line":95,"column":11},"end":{"line":96,"column":400}},"type":"cond-expr","locations":[{"start":{"line":96,"column":10},"end":{"line":96,"column":234}},{"start":{"line":96,"column":237},"end":{"line":96,"column":400}}],"line":95},"9":{"loc":{"start":{"line":95,"column":11},"end":{"line":95,"column":57}},"type":"binary-expr","locations":[{"start":{"line":95,"column":11},"end":{"line":95,"column":31}},{"start":{"line":95,"column":35},"end":{"line":95,"column":57}}],"line":95},"10":{"loc":{"start":{"line":96,"column":237},"end":{"line":96,"column":400}},"type":"cond-expr","locations":[{"start":{"line":96,"column":251},"end":{"line":96,"column":392}},{"start":{"line":96,"column":395},"end":{"line":96,"column":400}}],"line":96}},"s":{"0":4,"1":3,"2":3,"3":3,"4":3,"5":3,"6":3,"7":1,"8":1,"9":3,"10":3,"11":3,"12":3,"13":0,"14":3,"15":3,"16":3,"17":3,"18":0,"19":3,"20":1,"21":1,"22":2,"23":1,"24":2,"25":0,"26":2,"27":0,"28":2,"29":1,"30":3,"31":1,"32":1,"33":3,"34":0,"35":0,"36":3,"37":0,"38":0,"39":0,"40":0,"41":0,"42":3,"43":0,"44":5},"f":{"0":4,"1":1,"2":3,"3":3,"4":1,"5":2,"6":2,"7":1,"8":0,"9":0,"10":0,"11":5},"b":{"0":[3,0],"1":[3,0],"2":[0,2],"3":[0,2],"4":[0,0],"5":[3,0],"6":[0,3],"7":[2,1],"8":[1,2],"9":[3,2],"10":[1,1]},"_coverageSchema":"1a1c01bbd47fc00a2c39e90264f33305004495a9","hash":"8495d094dd2ef0230d973f4734a501dbc0980c5e"}
,"/home/kk741852963tw/The-Gardens/client/src/components/Q&A/components/Search.jsx": {"path":"/home/kk741852963tw/The-Gardens/client/src/components/Q&A/components/Search.jsx","statementMap":{"0":{"start":{"line":4,"column":23},"end":{"line":6,"column":3}},"1":{"start":{"line":5,"column":4},"end":{"line":5,"column":35}},"2":{"start":{"line":8,"column":2},"end":{"line":19,"column":4}}},"fnMap":{"0":{"name":"Search","decl":{"start":{"line":3,"column":24},"end":{"line":3,"column":30}},"loc":{"start":{"line":3,"column":38},"end":{"line":20,"column":1}},"line":3},"1":{"name":"(anonymous_1)","decl":{"start":{"line":4,"column":23},"end":{"line":4,"column":24}},"loc":{"start":{"line":4,"column":39},"end":{"line":6,"column":3}},"line":4}},"branchMap":{},"s":{"0":1,"1":1,"2":1},"f":{"0":1,"1":1},"b":{},"_coverageSchema":"1a1c01bbd47fc00a2c39e90264f33305004495a9","hash":"cd1a82f95dec348e254213e5ab7a6e708992e1d1"}
}
