TN:
SF:client/src/components/Q&A/components/AddAnswer.jsx
FN:4,AddAnswer
FN:16,(anonymous_1)
FN:20,(anonymous_2)
FN:24,(anonymous_3)
FN:28,(anonymous_4)
FN:35,(anonymous_5)
FN:66,(anonymous_6)
FN:77,(anonymous_7)
FN:83,(anonymous_8)
FN:96,(anonymous_9)
FN:98,(anonymous_10)
FN:102,(anonymous_11)
FN:110,(anonymous_12)
FN:116,(anonymous_13)
FN:159,(anonymous_14)
FNF:15
FNH:8
FNDA:7,AddAnswer
FNDA:1,(anonymous_1)
FNDA:1,(anonymous_2)
FNDA:1,(anonymous_3)
FNDA:1,(anonymous_4)
FNDA:1,(anonymous_5)
FNDA:0,(anonymous_6)
FNDA:0,(anonymous_7)
FNDA:0,(anonymous_8)
FNDA:1,(anonymous_9)
FNDA:0,(anonymous_10)
FNDA:0,(anonymous_11)
FNDA:0,(anonymous_12)
FNDA:1,(anonymous_13)
FNDA:0,(anonymous_14)
DA:6,7
DA:7,6
DA:8,6
DA:9,6
DA:10,6
DA:11,6
DA:12,6
DA:13,6
DA:14,6
DA:16,6
DA:17,1
DA:20,6
DA:21,1
DA:24,6
DA:25,1
DA:28,6
DA:29,1
DA:30,1
DA:31,1
DA:32,1
DA:35,6
DA:36,1
DA:37,0
DA:38,0
DA:39,0
DA:41,0
DA:42,0
DA:44,0
DA:45,0
DA:47,0
DA:48,0
DA:49,1
DA:50,0
DA:52,1
DA:59,1
DA:60,1
DA:61,1
DA:62,1
DA:66,6
DA:67,0
DA:68,0
DA:69,0
DA:70,0
DA:71,0
DA:72,0
DA:77,0
DA:78,0
DA:79,0
DA:80,0
DA:81,0
DA:82,0
DA:83,0
DA:92,0
DA:96,6
DA:97,1
DA:98,1
DA:99,0
DA:100,0
DA:101,0
DA:102,0
DA:103,0
DA:104,0
DA:107,0
DA:110,1
DA:111,0
DA:113,1
DA:116,6
DA:117,1
DA:120,6
DA:160,0
LF:70
LH:37
BRDA:36,0,0,0
BRDA:36,0,1,1
BRDA:36,1,0,1
BRDA:36,1,1,1
BRDA:36,1,2,1
BRDA:38,2,0,0
BRDA:38,2,1,0
BRDA:41,3,0,0
BRDA:41,3,1,0
BRDA:44,4,0,0
BRDA:44,4,1,0
BRDA:49,5,0,0
BRDA:49,5,1,1
BRDA:49,6,0,1
BRDA:49,6,1,1
BRDA:49,6,2,1
BRDA:69,7,0,0
BRDA:69,7,1,0
BRDA:99,8,0,0
BRDA:99,8,1,0
BRDA:151,9,0,6
BRDA:151,9,1,0
BRF:22
BRH:9
end_of_record
TN:
SF:client/src/components/Q&A/components/AddQuestion.jsx
FN:5,AddQuestion
FN:11,(anonymous_1)
FN:15,(anonymous_2)
FN:19,(anonymous_3)
FN:23,(anonymous_4)
FN:27,(anonymous_5)
FNF:6
FNH:6
FNDA:5,AddQuestion
FNDA:1,(anonymous_1)
FNDA:1,(anonymous_2)
FNDA:1,(anonymous_3)
FNDA:1,(anonymous_4)
FNDA:1,(anonymous_5)
DA:7,5
DA:8,4
DA:9,4
DA:11,4
DA:12,1
DA:15,4
DA:16,1
DA:19,4
DA:20,1
DA:23,4
DA:24,1
DA:27,4
DA:28,1
DA:29,0
DA:30,0
DA:31,0
DA:33,0
DA:34,0
DA:36,0
DA:37,0
DA:39,0
DA:40,0
DA:41,1
DA:42,0
DA:44,1
DA:50,1
DA:54,4
LF:27
LH:17
BRDA:28,0,0,0
BRDA:28,0,1,1
BRDA:28,1,0,1
BRDA:28,1,1,1
BRDA:28,1,2,1
BRDA:30,2,0,0
BRDA:30,2,1,0
BRDA:33,3,0,0
BRDA:33,3,1,0
BRDA:36,4,0,0
BRDA:36,4,1,0
BRDA:41,5,0,0
BRDA:41,5,1,1
BRDA:41,6,0,1
BRDA:41,6,1,1
BRDA:41,6,2,1
BRF:16
BRH:8
end_of_record
TN:
SF:client/src/components/Q&A/components/Answer.jsx
FN:5,Answer
FN:10,(anonymous_1)
FN:15,(anonymous_2)
FN:20,(anonymous_3)
FN:25,(anonymous_4)
FN:39,(anonymous_5)
FN:41,(anonymous_6)
FN:43,(anonymous_7)
FN:53,(anonymous_8)
FN:54,(anonymous_9)
FNF:10
FNH:3
FNDA:6,Answer
FNDA:5,(anonymous_1)
FNDA:0,(anonymous_2)
FNDA:0,(anonymous_3)
FNDA:0,(anonymous_4)
FNDA:5,(anonymous_5)
FNDA:0,(anonymous_6)
FNDA:0,(anonymous_7)
FNDA:0,(anonymous_8)
FNDA:0,(anonymous_9)
DA:6,6
DA:7,5
DA:8,5
DA:10,5
DA:11,5
DA:12,5
DA:15,5
DA:16,0
DA:17,0
DA:20,5
DA:21,0
DA:22,0
DA:25,5
DA:26,0
DA:27,0
DA:29,0
DA:31,0
DA:34,5
DA:40,5
DA:41,5
DA:43,0
DA:53,0
DA:54,0
LF:23
LH:12
BRDA:26,0,0,0
BRDA:26,0,1,0
BRDA:36,1,0,2
BRDA:36,1,1,3
BRDA:39,2,0,5
BRDA:39,2,1,0
BRDA:40,3,0,5
BRDA:40,3,1,0
BRDA:46,4,0,0
BRDA:46,4,1,5
BRDA:50,5,0,0
BRDA:50,5,1,5
BRDA:53,6,0,5
BRDA:53,6,1,0
BRDA:54,7,0,5
BRDA:54,7,1,0
BRF:16
BRH:8
end_of_record
TN:
SF:client/src/components/Q&A/components/Image.jsx
FN:4,Image
FN:5,(anonymous_1)
FNF:2
FNH:2
FNDA:1,Image
FNDA:1,(anonymous_1)
DA:5,1
DA:6,1
DA:8,1
LF:3
LH:3
BRF:0
BRH:0
end_of_record
TN:
SF:client/src/components/Q&A/components/Question.jsx
FN:6,Question
FN:14,(anonymous_1)
FN:19,(anonymous_2)
FN:28,(anonymous_3)
FN:37,(anonymous_4)
FN:39,(anonymous_5)
FN:40,(anonymous_6)
FN:50,(anonymous_7)
FN:55,(anonymous_8)
FN:60,(anonymous_9)
FN:76,(anonymous_10)
FN:83,(anonymous_11)
FNF:12
FNH:9
FNDA:4,Question
FNDA:1,(anonymous_1)
FNDA:3,(anonymous_2)
FNDA:3,(anonymous_3)
FNDA:1,(anonymous_4)
FNDA:2,(anonymous_5)
FNDA:2,(anonymous_6)
FNDA:1,(anonymous_7)
FNDA:0,(anonymous_8)
FNDA:0,(anonymous_9)
FNDA:0,(anonymous_10)
FNDA:5,(anonymous_11)
DA:7,4
DA:8,3
DA:9,3
DA:10,3
DA:11,3
DA:12,3
DA:14,3
DA:15,1
DA:16,1
DA:19,3
DA:20,3
DA:21,3
DA:22,3
DA:24,0
DA:28,3
DA:29,3
DA:30,3
DA:31,3
DA:33,0
DA:37,3
DA:38,1
DA:39,2
DA:40,1
DA:41,2
DA:42,0
DA:43,2
DA:44,0
DA:45,2
DA:47,1
DA:50,3
DA:51,1
DA:52,1
DA:55,3
DA:56,0
DA:57,0
DA:60,3
DA:61,0
DA:62,0
DA:63,0
DA:65,0
DA:66,0
DA:70,3
DA:76,0
DA:84,5
LF:44
LH:32
BRDA:21,0,0,3
BRDA:21,0,1,0
BRDA:30,1,0,3
BRDA:30,1,1,0
BRDA:41,2,0,0
BRDA:41,2,1,2
BRDA:43,3,0,0
BRDA:43,3,1,2
BRDA:61,4,0,0
BRDA:61,4,1,0
BRDA:76,5,0,3
BRDA:76,5,1,0
BRDA:78,6,0,0
BRDA:78,6,1,3
BRDA:80,7,0,2
BRDA:80,7,1,1
BRDA:95,8,0,1
BRDA:95,8,1,2
BRDA:95,9,0,3
BRDA:95,9,1,2
BRDA:96,10,0,1
BRDA:96,10,1,1
BRF:22
BRH:14
end_of_record
TN:
SF:client/src/components/Q&A/components/Search.jsx
FN:3,Search
FN:4,(anonymous_1)
FNF:2
FNH:2
FNDA:1,Search
FNDA:1,(anonymous_1)
DA:4,1
DA:5,1
DA:8,1
LF:3
LH:3
BRF:0
BRH:0
end_of_record
